
> backend@1.0.0 start
> nest start

[32m[Nest] 254814   - [39m08/01/2021, 6:39:05 PM   [38;5;3m[NestFactory] [39m[32mStarting Nest application...[39m
[32m[Nest] 254814   - [39m08/01/2021, 6:39:05 PM   [38;5;3m[InstanceLoader] [39m[32mPassportModule dependencies initialized[39m[38;5;3m +63ms[39m
[32m[Nest] 254814   - [39m08/01/2021, 6:39:05 PM   [38;5;3m[InstanceLoader] [39m[32mJwtModule dependencies initialized[39m[38;5;3m +1ms[39m
[32m[Nest] 254814   - [39m08/01/2021, 6:39:05 PM   [38;5;3m[InstanceLoader] [39m[32mAppModule dependencies initialized[39m[38;5;3m +0ms[39m
[32m[Nest] 254814   - [39m08/01/2021, 6:39:05 PM   [38;5;3m[InstanceLoader] [39m[32mDatabaseModule dependencies initialized[39m[38;5;3m +48ms[39m
[32m[Nest] 254814   - [39m08/01/2021, 6:39:05 PM   [38;5;3m[InstanceLoader] [39m[32mUserModule dependencies initialized[39m[38;5;3m +1ms[39m
[32m[Nest] 254814   - [39m08/01/2021, 6:39:05 PM   [38;5;3m[InstanceLoader] [39m[32mAuthModule dependencies initialized[39m[38;5;3m +1ms[39m
[32m[Nest] 254814   - [39m08/01/2021, 6:39:06 PM   [38;5;3m[RoutesResolver] [39m[32mAuthController {/api/auth}:[39m[38;5;3m +108ms[39m
[32m[Nest] 254814   - [39m08/01/2021, 6:39:06 PM   [38;5;3m[RouterExplorer] [39m[32mMapped {/api/auth/register, POST} route[39m[38;5;3m +2ms[39m
[32m[Nest] 254814   - [39m08/01/2021, 6:39:06 PM   [38;5;3m[RouterExplorer] [39m[32mMapped {/api/auth/login, POST} route[39m[38;5;3m +1ms[39m
[32m[Nest] 254814   - [39m08/01/2021, 6:39:06 PM   [38;5;3m[NestApplication] [39m[32mNest application successfully started[39m[38;5;3m +2ms[39m

> backend@1.0.0 start
> nest start

[32m[Nest] 254955   - [39m08/01/2021, 6:40:48 PM   [38;5;3m[NestFactory] [39m[32mStarting Nest application...[39m
[32m[Nest] 254955   - [39m08/01/2021, 6:40:49 PM   [38;5;3m[InstanceLoader] [39m[32mPassportModule dependencies initialized[39m[38;5;3m +66ms[39m
[32m[Nest] 254955   - [39m08/01/2021, 6:40:49 PM   [38;5;3m[InstanceLoader] [39m[32mJwtModule dependencies initialized[39m[38;5;3m +0ms[39m
[32m[Nest] 254955   - [39m08/01/2021, 6:40:49 PM   [38;5;3m[InstanceLoader] [39m[32mAppModule dependencies initialized[39m[38;5;3m +0ms[39m
[32m[Nest] 254955   - [39m08/01/2021, 6:40:49 PM   [38;5;3m[InstanceLoader] [39m[32mDatabaseModule dependencies initialized[39m[38;5;3m +46ms[39m
[32m[Nest] 254955   - [39m08/01/2021, 6:40:49 PM   [38;5;3m[InstanceLoader] [39m[32mUserModule dependencies initialized[39m[38;5;3m +1ms[39m
[32m[Nest] 254955   - [39m08/01/2021, 6:40:49 PM   [38;5;3m[InstanceLoader] [39m[32mAuthModule dependencies initialized[39m[38;5;3m +0ms[39m
[32m[Nest] 254955   - [39m08/01/2021, 6:40:49 PM   [38;5;3m[RoutesResolver] [39m[32mAuthController {/api/auth}:[39m[38;5;3m +101ms[39m
[32m[Nest] 254955   - [39m08/01/2021, 6:40:49 PM   [38;5;3m[RouterExplorer] [39m[32mMapped {/api/auth/register, POST} route[39m[38;5;3m +3ms[39m
[32m[Nest] 254955   - [39m08/01/2021, 6:40:49 PM   [38;5;3m[RouterExplorer] [39m[32mMapped {/api/auth/login, POST} route[39m[38;5;3m +0ms[39m
[32m[Nest] 254955   - [39m08/01/2021, 6:40:49 PM   [38;5;3m[NestApplication] [39m[32mNest application successfully started[39m[38;5;3m +2ms[39m

> backend@1.0.0 start
> nest start

[32m[Nest] 255067   - [39m08/01/2021, 6:42:41 PM   [38;5;3m[NestFactory] [39m[32mStarting Nest application...[39m
[32m[Nest] 255067   - [39m08/01/2021, 6:42:41 PM   [38;5;3m[InstanceLoader] [39m[32mPassportModule dependencies initialized[39m[38;5;3m +65ms[39m
[32m[Nest] 255067   - [39m08/01/2021, 6:42:41 PM   [38;5;3m[InstanceLoader] [39m[32mJwtModule dependencies initialized[39m[38;5;3m +0ms[39m
[32m[Nest] 255067   - [39m08/01/2021, 6:42:41 PM   [38;5;3m[InstanceLoader] [39m[32mAppModule dependencies initialized[39m[38;5;3m +1ms[39m
[32m[Nest] 255067   - [39m08/01/2021, 6:42:41 PM   [38;5;3m[InstanceLoader] [39m[32mDatabaseModule dependencies initialized[39m[38;5;3m +53ms[39m
[32m[Nest] 255067   - [39m08/01/2021, 6:42:41 PM   [38;5;3m[InstanceLoader] [39m[32mUserModule dependencies initialized[39m[38;5;3m +1ms[39m
[32m[Nest] 255067   - [39m08/01/2021, 6:42:41 PM   [38;5;3m[InstanceLoader] [39m[32mAuthModule dependencies initialized[39m[38;5;3m +1ms[39m
[32m[Nest] 255067   - [39m08/01/2021, 6:42:41 PM   [38;5;3m[RoutesResolver] [39m[32mAuthController {/api/auth}:[39m[38;5;3m +111ms[39m
[32m[Nest] 255067   - [39m08/01/2021, 6:42:41 PM   [38;5;3m[RouterExplorer] [39m[32mMapped {/api/auth/register, POST} route[39m[38;5;3m +3ms[39m
[32m[Nest] 255067   - [39m08/01/2021, 6:42:41 PM   [38;5;3m[RouterExplorer] [39m[32mMapped {/api/auth/login, POST} route[39m[38;5;3m +1ms[39m
[32m[Nest] 255067   - [39m08/01/2021, 6:42:41 PM   [38;5;3m[NestApplication] [39m[32mNest application successfully started[39m[38;5;3m +2ms[39m
